# JRE version: OpenJDK Runtime Environment Microsoft-10800295 (17.0.14+7) (build 17.0.14+7-LTS)
# Java VM: OpenJDK 64-Bit Server VM Microsoft-10800295 (17.0.14+7-LTS, mixed mode, emulated-client, sharing, tiered, compressed oops, compressed class ptrs, g1 gc, windows-amd64)
GC Precious Log:
 CPUs: 20 total, 20 available
 Memory: 16124M
 Large Page Support: Disabled
 NUMA Support: Disabled
 Compressed Oops: Enabled (Zero based)
 Heap Region Size: 2M
 Heap Min Capacity: 8M
 Heap Initial Capacity: 252M
 Heap Max Capacity: 4032M
 Pre-touch: Disabled
 Parallel Workers: 15
 Concurrent Workers: 4
 Concurrent Refinement Workers: 15
 Periodic GC: Disabled
Heap:
 garbage-first heap   total 258048K, used 106304K [0x0000000704000000, 0x0000000800000000)
  region size 2048K, 1 young (2048K), 1 survivors (2048K)
 Metaspace       used 74610K, committed 75136K, reserved 1114112K
  class space    used 10191K, committed 10432K, reserved 1048576K
GC Heap History (20 events):
Event: 7.425 GC heap after
{Heap after GC invocations=23 (full 0):
 garbage-first heap   total 151552K, used 57482K [0x0000000704000000, 0x0000000800000000)
  region size 2048K, 2 young (4096K), 2 survivors (4096K)
 Metaspace       used 73814K, committed 74304K, reserved 1114112K
  class space    used 10100K, committed 10368K, reserved 1048576K
}
Event: 7.547 GC heap before
{Heap before GC invocations=23 (full 0):
 garbage-first heap   total 151552K, used 120970K [0x0000000704000000, 0x0000000800000000)
  region size 2048K, 32 young (65536K), 2 survivors (4096K)
 Metaspace       used 74508K, committed 75008K, reserved 1114112K
  class space    used 10175K, committed 10432K, reserved 1048576K
}
Event: 7.551 GC heap after
{Heap after GC invocations=24 (full 0):
 garbage-first heap   total 151552K, used 70143K [0x0000000704000000, 0x0000000800000000)
  region size 2048K, 4 young (8192K), 4 survivors (8192K)
 Metaspace       used 74508K, committed 75008K, reserved 1114112K
  class space    used 10175K, committed 10432K, reserved 1048576K
}
Event: 7.653 GC heap before
{Heap before GC invocations=24 (full 0):
 garbage-first heap   total 151552K, used 113151K [0x0000000704000000, 0x0000000800000000)
  region size 2048K, 26 young (53248K), 4 survivors (8192K)
 Metaspace       used 74601K, committed 75136K, reserved 1114112K
  class space    used 10189K, committed 10432K, reserved 1048576K
}
Event: 7.656 GC heap after
{Heap after GC invocations=25 (full 0):
 garbage-first heap   total 151552K, used 81143K [0x0000000704000000, 0x0000000800000000)
  region size 2048K, 4 young (8192K), 4 survivors (8192K)
 Metaspace       used 74601K, committed 75136K, reserved 1114112K
  class space    used 10189K, committed 10432K, reserved 1048576K
}
Event: 7.684 GC heap before
{Heap before GC invocations=25 (full 0):
 garbage-first heap   total 151552K, used 93431K [0x0000000704000000, 0x0000000800000000)
  region size 2048K, 12 young (24576K), 4 survivors (8192K)
 Metaspace       used 74601K, committed 75136K, reserved 1114112K
  class space    used 10189K, committed 10432K, reserved 1048576K
}
Event: 7.686 GC heap after
{Heap after GC invocations=26 (full 0):
 garbage-first heap   total 184320K, used 86184K [0x0000000704000000, 0x0000000800000000)
  region size 2048K, 3 young (6144K), 3 survivors (6144K)
 Metaspace       used 74601K, committed 75136K, reserved 1114112K
  class space    used 10189K, committed 10432K, reserved 1048576K
}
Event: 7.758 GC heap before
{Heap before GC invocations=27 (full 0):
 garbage-first heap   total 194560K, used 139432K [0x0000000704000000, 0x0000000800000000)
  region size 2048K, 28 young (57344K), 3 survivors (6144K)
 Metaspace       used 74601K, committed 75136K, reserved 1114112K
  class space    used 10189K, committed 10432K, reserved 1048576K
}
Event: 7.761 GC heap after
{Heap after GC invocations=28 (full 0):
 garbage-first heap   total 194560K, used 96903K [0x0000000704000000, 0x0000000800000000)
  region size 2048K, 4 young (8192K), 4 survivors (8192K)
 Metaspace       used 74601K, committed 75136K, reserved 1114112K
  class space    used 10189K, committed 10432K, reserved 1048576K
}
Event: 7.843 GC heap before
{Heap before GC invocations=28 (full 0):
 garbage-first heap   total 194560K, used 141959K [0x0000000704000000, 0x0000000800000000)
  region size 2048K, 28 young (57344K), 4 survivors (8192K)
 Metaspace       used 74601K, committed 75136K, reserved 1114112K
  class space    used 10189K, committed 10432K, reserved 1048576K
}
Event: 7.847 GC heap after
{Heap after GC invocations=29 (full 0):
 garbage-first heap   total 194560K, used 109525K [0x0000000704000000, 0x0000000800000000)
  region size 2048K, 4 young (8192K), 4 survivors (8192K)
 Metaspace       used 74601K, committed 75136K, reserved 1114112K
  class space    used 10189K, committed 10432K, reserved 1048576K
}
Event: 7.891 GC heap before
{Heap before GC invocations=30 (full 0):
 garbage-first heap   total 223232K, used 144341K [0x0000000704000000, 0x0000000800000000)
  region size 2048K, 23 young (47104K), 4 survivors (8192K)
 Metaspace       used 74601K, committed 75136K, reserved 1114112K
  class space    used 10189K, committed 10432K, reserved 1048576K
}
Event: 7.894 GC heap after
{Heap after GC invocations=31 (full 0):
 garbage-first heap   total 223232K, used 112741K [0x0000000704000000, 0x0000000800000000)
  region size 2048K, 3 young (6144K), 3 survivors (6144K)
 Metaspace       used 74601K, committed 75136K, reserved 1114112K
  class space    used 10189K, committed 10432K, reserved 1048576K
}
Event: 7.897 GC heap before
{Heap before GC invocations=31 (full 0):
 garbage-first heap   total 223232K, used 114789K [0x0000000704000000, 0x0000000800000000)
  region size 2048K, 5 young (10240K), 3 survivors (6144K)
 Metaspace       used 74601K, committed 75136K, reserved 1114112K
  class space    used 10189K, committed 10432K, reserved 1048576K
}
Event: 7.898 GC heap after
{Heap after GC invocations=32 (full 0):
 garbage-first heap   total 223232K, used 103005K [0x0000000704000000, 0x0000000800000000)
  region size 2048K, 1 young (2048K), 1 survivors (2048K)
 Metaspace       used 74601K, committed 75136K, reserved 1114112K
  class space    used 10189K, committed 10432K, reserved 1048576K
}
Event: 8.001 GC heap before
{Heap before GC invocations=32 (full 0):
 garbage-first heap   total 223232K, used 168541K [0x0000000704000000, 0x0000000800000000)
  region size 2048K, 31 young (63488K), 1 survivors (2048K)
 Metaspace       used 74610K, committed 75136K, reserved 1114112K
  class space    used 10191K, committed 10432K, reserved 1048576K
}
Event: 8.005 GC heap after
{Heap after GC invocations=33 (full 0):
 garbage-first heap   total 223232K, used 121707K [0x0000000704000000, 0x0000000800000000)
  region size 2048K, 4 young (8192K), 4 survivors (8192K)
 Metaspace       used 74610K, committed 75136K, reserved 1114112K
  class space    used 10191K, committed 10432K, reserved 1048576K
}
Event: 8.062 GC heap before
{Heap before GC invocations=34 (full 0):
 garbage-first heap   total 243712K, used 158571K [0x0000000704000000, 0x0000000800000000)
  region size 2048K, 27 young (55296K), 4 survivors (8192K)
 Metaspace       used 74610K, committed 75136K, reserved 1114112K
  class space    used 10191K, committed 10432K, reserved 1048576K
}
Event: 8.065 GC heap after
{Heap after GC invocations=35 (full 0):
 garbage-first heap   total 243712K, used 119531K [0x0000000704000000, 0x0000000800000000)
  region size 2048K, 4 young (8192K), 4 survivors (8192K)
 Metaspace       used 74610K, committed 75136K, reserved 1114112K
  class space    used 10191K, committed 10432K, reserved 1048576K
}
Event: 8.070 GC heap before
{Heap before GC invocations=35 (full 0):
 garbage-first heap   total 243712K, used 121579K [0x0000000704000000, 0x0000000800000000)
  region size 2048K, 5 young (10240K), 4 survivors (8192K)
 Metaspace       used 74610K, committed 75136K, reserved 1114112K
  class space    used 10191K, committed 10432K, reserved 1048576K
}

