# JRE version: OpenJDK Runtime Environment Microsoft-10800295 (17.0.14+7) (build 17.0.14+7-LTS)
# Java VM: OpenJDK 64-Bit Server VM Microsoft-10800295 (17.0.14+7-LTS, mixed mode, emulated-client, sharing, tiered, compressed oops, compressed class ptrs, g1 gc, windows-amd64)
GC Precious Log:
 CPUs: 20 total, 20 available
 Memory: 16124M
 Large Page Support: Disabled
 NUMA Support: Disabled
 Compressed Oops: Enabled (Zero based)
 Heap Region Size: 2M
 Heap Min Capacity: 8M
 Heap Initial Capacity: 252M
 Heap Max Capacity: 4032M
 Pre-touch: Disabled
 Parallel Workers: 15
 Concurrent Workers: 4
 Concurrent Refinement Workers: 15
 Periodic GC: Disabled
Heap:
 garbage-first heap   total 258048K, used 107266K [0x0000000704000000, 0x0000000800000000)
  region size 2048K, 2 young (4096K), 2 survivors (4096K)
 Metaspace       used 65009K, committed 65472K, reserved 1114112K
  class space    used 8959K, committed 9152K, reserved 1048576K
GC Heap History (20 events):
Event: 8.857 GC heap after
{Heap after GC invocations=22 (full 0):
 garbage-first heap   total 102400K, used 40319K [0x0000000704000000, 0x0000000800000000)
  region size 2048K, 3 young (6144K), 3 survivors (6144K)
 Metaspace       used 61836K, committed 62272K, reserved 1114112K
  class space    used 8538K, committed 8768K, reserved 1048576K
}
Event: 9.153 GC heap before
{Heap before GC invocations=22 (full 0):
 garbage-first heap   total 102400K, used 79231K [0x0000000704000000, 0x0000000800000000)
  region size 2048K, 22 young (45056K), 3 survivors (6144K)
 Metaspace       used 63378K, committed 63808K, reserved 1114112K
  class space    used 8758K, committed 8960K, reserved 1048576K
}
Event: 9.156 GC heap after
{Heap after GC invocations=23 (full 0):
 garbage-first heap   total 102400K, used 42725K [0x0000000704000000, 0x0000000800000000)
  region size 2048K, 2 young (4096K), 2 survivors (4096K)
 Metaspace       used 63378K, committed 63808K, reserved 1114112K
  class space    used 8758K, committed 8960K, reserved 1048576K
}
Event: 9.307 GC heap before
{Heap before GC invocations=23 (full 0):
 garbage-first heap   total 102400K, used 77541K [0x0000000704000000, 0x0000000800000000)
  region size 2048K, 20 young (40960K), 2 survivors (4096K)
 Metaspace       used 64276K, committed 64768K, reserved 1114112K
  class space    used 8862K, committed 9088K, reserved 1048576K
}
Event: 9.311 GC heap after
{Heap after GC invocations=24 (full 0):
 garbage-first heap   total 102400K, used 49085K [0x0000000704000000, 0x0000000800000000)
  region size 2048K, 3 young (6144K), 3 survivors (6144K)
 Metaspace       used 64276K, committed 64768K, reserved 1114112K
  class space    used 8862K, committed 9088K, reserved 1048576K
}
Event: 9.373 GC heap before
{Heap before GC invocations=24 (full 0):
 garbage-first heap   total 102400K, used 77757K [0x0000000704000000, 0x0000000800000000)
  region size 2048K, 18 young (36864K), 3 survivors (6144K)
 Metaspace       used 64289K, committed 64768K, reserved 1114112K
  class space    used 8864K, committed 9088K, reserved 1048576K
}
Event: 9.378 GC heap after
{Heap after GC invocations=25 (full 0):
 garbage-first heap   total 102400K, used 57750K [0x0000000704000000, 0x0000000800000000)
  region size 2048K, 3 young (6144K), 3 survivors (6144K)
 Metaspace       used 64289K, committed 64768K, reserved 1114112K
  class space    used 8864K, committed 9088K, reserved 1048576K
}
Event: 9.496 GC heap before
{Heap before GC invocations=25 (full 0):
 garbage-first heap   total 102400K, used 76182K [0x0000000704000000, 0x0000000800000000)
  region size 2048K, 12 young (24576K), 3 survivors (6144K)
 Metaspace       used 64368K, committed 64832K, reserved 1114112K
  class space    used 8875K, committed 9088K, reserved 1048576K
}
Event: 9.499 GC heap after
{Heap after GC invocations=26 (full 0):
 garbage-first heap   total 102400K, used 62027K [0x0000000704000000, 0x0000000800000000)
  region size 2048K, 2 young (4096K), 2 survivors (4096K)
 Metaspace       used 64368K, committed 64832K, reserved 1114112K
  class space    used 8875K, committed 9088K, reserved 1048576K
}
Event: 9.554 GC heap before
{Heap before GC invocations=27 (full 0):
 garbage-first heap   total 116736K, used 76363K [0x0000000704000000, 0x0000000800000000)
  region size 2048K, 10 young (20480K), 2 survivors (4096K)
 Metaspace       used 64368K, committed 64832K, reserved 1114112K
  class space    used 8875K, committed 9088K, reserved 1048576K
}
Event: 9.557 GC heap after
{Heap after GC invocations=28 (full 0):
 garbage-first heap   total 116736K, used 65995K [0x0000000704000000, 0x0000000800000000)
  region size 2048K, 2 young (4096K), 2 survivors (4096K)
 Metaspace       used 64368K, committed 64832K, reserved 1114112K
  class space    used 8875K, committed 9088K, reserved 1048576K
}
Event: 9.559 GC heap before
{Heap before GC invocations=28 (full 0):
 garbage-first heap   total 116736K, used 68043K [0x0000000704000000, 0x0000000800000000)
  region size 2048K, 3 young (6144K), 2 survivors (4096K)
 Metaspace       used 64368K, committed 64832K, reserved 1114112K
  class space    used 8875K, committed 9088K, reserved 1048576K
}
Event: 9.561 GC heap after
{Heap after GC invocations=29 (full 0):
 garbage-first heap   total 192512K, used 65302K [0x0000000704000000, 0x0000000800000000)
  region size 2048K, 1 young (2048K), 1 survivors (2048K)
 Metaspace       used 64368K, committed 64832K, reserved 1114112K
  class space    used 8875K, committed 9088K, reserved 1048576K
}
Event: 9.762 GC heap before
{Heap before GC invocations=29 (full 0):
 garbage-first heap   total 192512K, used 130838K [0x0000000704000000, 0x0000000800000000)
  region size 2048K, 34 young (69632K), 1 survivors (2048K)
 Metaspace       used 64368K, committed 64832K, reserved 1114112K
  class space    used 8875K, committed 9088K, reserved 1048576K
}
Event: 9.768 GC heap after
{Heap after GC invocations=30 (full 0):
 garbage-first heap   total 192512K, used 79241K [0x0000000704000000, 0x0000000800000000)
  region size 2048K, 5 young (10240K), 5 survivors (10240K)
 Metaspace       used 64368K, committed 64832K, reserved 1114112K
  class space    used 8875K, committed 9088K, reserved 1048576K
}
Event: 9.932 GC heap before
{Heap before GC invocations=30 (full 0):
 garbage-first heap   total 192512K, used 136585K [0x0000000704000000, 0x0000000800000000)
  region size 2048K, 34 young (69632K), 5 survivors (10240K)
 Metaspace       used 64377K, committed 64832K, reserved 1114112K
  class space    used 8877K, committed 9088K, reserved 1048576K
}
Event: 9.937 GC heap after
{Heap after GC invocations=31 (full 0):
 garbage-first heap   total 192512K, used 92137K [0x0000000704000000, 0x0000000800000000)
  region size 2048K, 5 young (10240K), 5 survivors (10240K)
 Metaspace       used 64377K, committed 64832K, reserved 1114112K
  class space    used 8877K, committed 9088K, reserved 1048576K
}
Event: 10.033 GC heap before
{Heap before GC invocations=31 (full 0):
 garbage-first heap   total 192512K, used 139241K [0x0000000704000000, 0x0000000800000000)
  region size 2048K, 29 young (59392K), 5 survivors (10240K)
 Metaspace       used 64377K, committed 64832K, reserved 1114112K
  class space    used 8877K, committed 9088K, reserved 1048576K
}
Event: 10.038 GC heap after
{Heap after GC invocations=32 (full 0):
 garbage-first heap   total 192512K, used 105277K [0x0000000704000000, 0x0000000800000000)
  region size 2048K, 4 young (8192K), 4 survivors (8192K)
 Metaspace       used 64377K, committed 64832K, reserved 1114112K
  class space    used 8877K, committed 9088K, reserved 1048576K
}
Event: 10.678 GC heap before
{Heap before GC invocations=32 (full 0):
 garbage-first heap   total 192512K, used 144189K [0x0000000704000000, 0x0000000800000000)
  region size 2048K, 23 young (47104K), 4 survivors (8192K)
 Metaspace       used 65009K, committed 65472K, reserved 1114112K
  class space    used 8959K, committed 9152K, reserved 1048576K
}

