# JRE version: OpenJDK Runtime Environment Microsoft-10800295 (17.0.14+7) (build 17.0.14+7-LTS)
# Java VM: OpenJDK 64-Bit Server VM Microsoft-10800295 (17.0.14+7-LTS, mixed mode, emulated-client, sharing, tiered, compressed oops, compressed class ptrs, g1 gc, windows-amd64)
GC Precious Log:
 CPUs: 20 total, 20 available
 Memory: 16124M
 Large Page Support: Disabled
 NUMA Support: Disabled
 Compressed Oops: Enabled (Zero based)
 Heap Region Size: 2M
 Heap Min Capacity: 8M
 Heap Initial Capacity: 252M
 Heap Max Capacity: 4032M
 Pre-touch: Disabled
 Parallel Workers: 15
 Concurrent Workers: 4
 Concurrent Refinement Workers: 15
 Periodic GC: Disabled
Heap:
 garbage-first heap   total 229376K, used 88677K [0x0000000704000000, 0x0000000800000000)
  region size 2048K, 3 young (6144K), 3 survivors (6144K)
 Metaspace       used 69118K, committed 69696K, reserved 1114112K
  class space    used 9443K, committed 9728K, reserved 1048576K
GC Heap History (20 events):
Event: 6.668 GC heap after
{Heap after GC invocations=20 (full 0):
 garbage-first heap   total 141312K, used 48342K [0x0000000704000000, 0x0000000800000000)
  region size 2048K, 4 young (8192K), 4 survivors (8192K)
 Metaspace       used 63963K, committed 64384K, reserved 1114112K
  class space    used 8762K, committed 8960K, reserved 1048576K
}
Event: 6.940 GC heap before
{Heap before GC invocations=20 (full 0):
 garbage-first heap   total 141312K, used 105686K [0x0000000704000000, 0x0000000800000000)
  region size 2048K, 32 young (65536K), 4 survivors (8192K)
 Metaspace       used 65650K, committed 66176K, reserved 1114112K
  class space    used 9004K, committed 9216K, reserved 1048576K
}
Event: 6.942 GC heap after
{Heap after GC invocations=21 (full 0):
 garbage-first heap   total 141312K, used 51154K [0x0000000704000000, 0x0000000800000000)
  region size 2048K, 2 young (4096K), 2 survivors (4096K)
 Metaspace       used 65650K, committed 66176K, reserved 1114112K
  class space    used 9004K, committed 9216K, reserved 1048576K
}
Event: 7.096 GC heap before
{Heap before GC invocations=21 (full 0):
 garbage-first heap   total 141312K, used 106450K [0x0000000704000000, 0x0000000800000000)
  region size 2048K, 30 young (61440K), 2 survivors (4096K)
 Metaspace       used 66549K, committed 67008K, reserved 1114112K
  class space    used 9106K, committed 9344K, reserved 1048576K
}
Event: 7.101 GC heap after
{Heap after GC invocations=22 (full 0):
 garbage-first heap   total 141312K, used 61325K [0x0000000704000000, 0x0000000800000000)
  region size 2048K, 4 young (8192K), 4 survivors (8192K)
 Metaspace       used 66549K, committed 67008K, reserved 1114112K
  class space    used 9106K, committed 9344K, reserved 1048576K
}
Event: 7.240 GC heap before
{Heap before GC invocations=22 (full 0):
 garbage-first heap   total 141312K, used 106381K [0x0000000704000000, 0x0000000800000000)
  region size 2048K, 26 young (53248K), 4 survivors (8192K)
 Metaspace       used 66641K, committed 67136K, reserved 1114112K
  class space    used 9119K, committed 9344K, reserved 1048576K
}
Event: 7.244 GC heap after
{Heap after GC invocations=23 (full 0):
 garbage-first heap   total 141312K, used 72281K [0x0000000704000000, 0x0000000800000000)
  region size 2048K, 4 young (8192K), 4 survivors (8192K)
 Metaspace       used 66641K, committed 67136K, reserved 1114112K
  class space    used 9119K, committed 9344K, reserved 1048576K
}
Event: 7.299 GC heap before
{Heap before GC invocations=23 (full 0):
 garbage-first heap   total 141312K, used 103001K [0x0000000704000000, 0x0000000800000000)
  region size 2048K, 20 young (40960K), 4 survivors (8192K)
 Metaspace       used 66641K, committed 67136K, reserved 1114112K
  class space    used 9119K, committed 9344K, reserved 1048576K
}
Event: 7.302 GC heap after
{Heap after GC invocations=24 (full 0):
 garbage-first heap   total 141312K, used 79198K [0x0000000704000000, 0x0000000800000000)
  region size 2048K, 3 young (6144K), 3 survivors (6144K)
 Metaspace       used 66641K, committed 67136K, reserved 1114112K
  class space    used 9119K, committed 9344K, reserved 1048576K
}
Event: 7.372 GC heap before
{Heap before GC invocations=25 (full 0):
 garbage-first heap   total 157696K, used 105822K [0x0000000704000000, 0x0000000800000000)
  region size 2048K, 17 young (34816K), 3 survivors (6144K)
 Metaspace       used 66641K, committed 67136K, reserved 1114112K
  class space    used 9119K, committed 9344K, reserved 1048576K
}
Event: 7.376 GC heap after
{Heap after GC invocations=26 (full 0):
 garbage-first heap   total 157696K, used 89193K [0x0000000704000000, 0x0000000800000000)
  region size 2048K, 3 young (6144K), 3 survivors (6144K)
 Metaspace       used 66641K, committed 67136K, reserved 1114112K
  class space    used 9119K, committed 9344K, reserved 1048576K
}
Event: 7.409 GC heap before
{Heap before GC invocations=26 (full 0):
 garbage-first heap   total 157696K, used 91241K [0x0000000704000000, 0x0000000800000000)
  region size 2048K, 4 young (8192K), 3 survivors (6144K)
 Metaspace       used 66641K, committed 67136K, reserved 1114112K
  class space    used 9119K, committed 9344K, reserved 1048576K
}
Event: 7.411 GC heap after
{Heap after GC invocations=27 (full 0):
 garbage-first heap   total 229376K, used 89073K [0x0000000704000000, 0x0000000800000000)
  region size 2048K, 1 young (2048K), 1 survivors (2048K)
 Metaspace       used 66641K, committed 67136K, reserved 1114112K
  class space    used 9119K, committed 9344K, reserved 1048576K
}
Event: 7.571 GC heap before
{Heap before GC invocations=27 (full 0):
 garbage-first heap   total 229376K, used 160753K [0x0000000704000000, 0x0000000800000000)
  region size 2048K, 37 young (75776K), 1 survivors (2048K)
 Metaspace       used 66641K, committed 67136K, reserved 1114112K
  class space    used 9119K, committed 9344K, reserved 1048576K
}
Event: 7.575 GC heap after
{Heap after GC invocations=28 (full 0):
 garbage-first heap   total 229376K, used 106325K [0x0000000704000000, 0x0000000800000000)
  region size 2048K, 5 young (10240K), 5 survivors (10240K)
 Metaspace       used 66641K, committed 67136K, reserved 1114112K
  class space    used 9119K, committed 9344K, reserved 1048576K
}
Event: 7.720 GC heap before
{Heap before GC invocations=28 (full 0):
 garbage-first heap   total 229376K, used 165717K [0x0000000704000000, 0x0000000800000000)
  region size 2048K, 35 young (71680K), 5 survivors (10240K)
 Metaspace       used 66650K, committed 67136K, reserved 1114112K
  class space    used 9121K, committed 9344K, reserved 1048576K
}
Event: 7.725 GC heap after
{Heap after GC invocations=29 (full 0):
 garbage-first heap   total 229376K, used 114958K [0x0000000704000000, 0x0000000800000000)
  region size 2048K, 5 young (10240K), 5 survivors (10240K)
 Metaspace       used 66650K, committed 67136K, reserved 1114112K
  class space    used 9121K, committed 9344K, reserved 1048576K
}
Event: 8.302 GC heap before
{Heap before GC invocations=29 (full 0):
 garbage-first heap   total 229376K, used 170254K [0x0000000704000000, 0x0000000800000000)
  region size 2048K, 32 young (65536K), 5 survivors (10240K)
 Metaspace       used 66955K, committed 67456K, reserved 1114112K
  class space    used 9163K, committed 9344K, reserved 1048576K
}
Event: 8.304 GC heap after
{Heap after GC invocations=30 (full 0):
 garbage-first heap   total 229376K, used 107568K [0x0000000704000000, 0x0000000800000000)
  region size 2048K, 1 young (2048K), 1 survivors (2048K)
 Metaspace       used 66955K, committed 67456K, reserved 1114112K
  class space    used 9163K, committed 9344K, reserved 1048576K
}
Event: 9.042 GC heap before
{Heap before GC invocations=31 (full 0):
 garbage-first heap   total 229376K, used 150576K [0x0000000704000000, 0x0000000800000000)
  region size 2048K, 33 young (67584K), 1 survivors (2048K)
 Metaspace       used 69118K, committed 69696K, reserved 1114112K
  class space    used 9443K, committed 9728K, reserved 1048576K
}

