# JRE version: OpenJDK Runtime Environment Microsoft-10800295 (17.0.14+7) (build 17.0.14+7-LTS)
# Java VM: OpenJDK 64-Bit Server VM Microsoft-10800295 (17.0.14+7-LTS, mixed mode, emulated-client, sharing, tiered, compressed oops, compressed class ptrs, g1 gc, windows-amd64)
GC Precious Log:
 CPUs: 20 total, 20 available
 Memory: 16124M
 Large Page Support: Disabled
 NUMA Support: Disabled
 Compressed Oops: Enabled (Zero based)
 Heap Region Size: 2M
 Heap Min Capacity: 8M
 Heap Initial Capacity: 252M
 Heap Max Capacity: 4032M
 Pre-touch: Disabled
 Parallel Workers: 15
 Concurrent Workers: 4
 Concurrent Refinement Workers: 15
 Periodic GC: Disabled
Heap:
 garbage-first heap   total 258048K, used 110580K [0x0000000704000000, 0x0000000800000000)
  region size 2048K, 2 young (4096K), 2 survivors (4096K)
 Metaspace       used 73692K, committed 74240K, reserved 1114112K
  class space    used 10045K, committed 10304K, reserved 1048576K
GC Heap History (20 events):
Event: 13.777 GC heap after
{Heap after GC invocations=21 (full 0):
 garbage-first heap   total 116736K, used 45485K [0x0000000704000000, 0x0000000800000000)
  region size 2048K, 4 young (8192K), 4 survivors (8192K)
 Metaspace       used 69496K, committed 70016K, reserved 1114112K
  class space    used 9489K, committed 9728K, reserved 1048576K
}
Event: 14.002 GC heap before
{Heap before GC invocations=21 (full 0):
 garbage-first heap   total 116736K, used 88493K [0x0000000704000000, 0x0000000800000000)
  region size 2048K, 25 young (51200K), 4 survivors (8192K)
 Metaspace       used 71201K, committed 71680K, reserved 1114112K
  class space    used 9734K, committed 9984K, reserved 1048576K
}
Event: 14.005 GC heap after
{Heap after GC invocations=22 (full 0):
 garbage-first heap   total 116736K, used 47790K [0x0000000704000000, 0x0000000800000000)
  region size 2048K, 2 young (4096K), 2 survivors (4096K)
 Metaspace       used 71201K, committed 71680K, reserved 1114112K
  class space    used 9734K, committed 9984K, reserved 1048576K
}
Event: 14.120 GC heap before
{Heap before GC invocations=22 (full 0):
 garbage-first heap   total 116736K, used 88750K [0x0000000704000000, 0x0000000800000000)
  region size 2048K, 23 young (47104K), 2 survivors (4096K)
 Metaspace       used 71881K, committed 72384K, reserved 1114112K
  class space    used 9809K, committed 10048K, reserved 1048576K
}
Event: 14.124 GC heap after
{Heap after GC invocations=23 (full 0):
 garbage-first heap   total 141312K, used 56096K [0x0000000704000000, 0x0000000800000000)
  region size 2048K, 3 young (6144K), 3 survivors (6144K)
 Metaspace       used 71881K, committed 72384K, reserved 1114112K
  class space    used 9809K, committed 10048K, reserved 1048576K
}
Event: 14.238 GC heap before
{Heap before GC invocations=23 (full 0):
 garbage-first heap   total 141312K, used 105248K [0x0000000704000000, 0x0000000800000000)
  region size 2048K, 28 young (57344K), 3 survivors (6144K)
 Metaspace       used 71973K, committed 72448K, reserved 1114112K
  class space    used 9822K, committed 10048K, reserved 1048576K
}
Event: 14.242 GC heap after
{Heap after GC invocations=24 (full 0):
 garbage-first heap   total 141312K, used 67430K [0x0000000704000000, 0x0000000800000000)
  region size 2048K, 4 young (8192K), 4 survivors (8192K)
 Metaspace       used 71973K, committed 72448K, reserved 1114112K
  class space    used 9822K, committed 10048K, reserved 1048576K
}
Event: 14.289 GC heap before
{Heap before GC invocations=24 (full 0):
 garbage-first heap   total 141312K, used 102246K [0x0000000704000000, 0x0000000800000000)
  region size 2048K, 22 young (45056K), 4 survivors (8192K)
 Metaspace       used 71973K, committed 72448K, reserved 1114112K
  class space    used 9822K, committed 10048K, reserved 1048576K
}
Event: 14.292 GC heap after
{Heap after GC invocations=25 (full 0):
 garbage-first heap   total 141312K, used 75755K [0x0000000704000000, 0x0000000800000000)
  region size 2048K, 3 young (6144K), 3 survivors (6144K)
 Metaspace       used 71973K, committed 72448K, reserved 1114112K
  class space    used 9822K, committed 10048K, reserved 1048576K
}
Event: 14.388 GC heap before
{Heap before GC invocations=25 (full 0):
 garbage-first heap   total 141312K, used 104427K [0x0000000704000000, 0x0000000800000000)
  region size 2048K, 18 young (36864K), 3 survivors (6144K)
 Metaspace       used 71973K, committed 72448K, reserved 1114112K
  class space    used 9822K, committed 10048K, reserved 1048576K
}
Event: 14.391 GC heap after
{Heap after GC invocations=26 (full 0):
 garbage-first heap   total 141312K, used 83894K [0x0000000704000000, 0x0000000800000000)
  region size 2048K, 3 young (6144K), 3 survivors (6144K)
 Metaspace       used 71973K, committed 72448K, reserved 1114112K
  class space    used 9822K, committed 10048K, reserved 1048576K
}
Event: 14.439 GC heap before
{Heap before GC invocations=27 (full 0):
 garbage-first heap   total 161792K, used 104374K [0x0000000704000000, 0x0000000800000000)
  region size 2048K, 15 young (30720K), 3 survivors (6144K)
 Metaspace       used 71973K, committed 72448K, reserved 1114112K
  class space    used 9822K, committed 10048K, reserved 1048576K
}
Event: 14.442 GC heap after
{Heap after GC invocations=28 (full 0):
 garbage-first heap   total 215040K, used 87961K [0x0000000704000000, 0x0000000800000000)
  region size 2048K, 2 young (4096K), 2 survivors (4096K)
 Metaspace       used 71973K, committed 72448K, reserved 1114112K
  class space    used 9822K, committed 10048K, reserved 1048576K
}
Event: 14.450 GC heap before
{Heap before GC invocations=28 (full 0):
 garbage-first heap   total 215040K, used 94105K [0x0000000704000000, 0x0000000800000000)
  region size 2048K, 5 young (10240K), 2 survivors (4096K)
 Metaspace       used 71973K, committed 72448K, reserved 1114112K
  class space    used 9822K, committed 10048K, reserved 1048576K
}
Event: 14.451 GC heap after
{Heap after GC invocations=29 (full 0):
 garbage-first heap   total 215040K, used 78629K [0x0000000704000000, 0x0000000800000000)
  region size 2048K, 1 young (2048K), 1 survivors (2048K)
 Metaspace       used 71973K, committed 72448K, reserved 1114112K
  class space    used 9822K, committed 10048K, reserved 1048576K
}
Event: 14.585 GC heap before
{Heap before GC invocations=29 (full 0):
 garbage-first heap   total 215040K, used 150309K [0x0000000704000000, 0x0000000800000000)
  region size 2048K, 37 young (75776K), 1 survivors (2048K)
 Metaspace       used 71982K, committed 72576K, reserved 1114112K
  class space    used 9823K, committed 10112K, reserved 1048576K
}
Event: 14.590 GC heap after
{Heap after GC invocations=30 (full 0):
 garbage-first heap   total 215040K, used 94347K [0x0000000704000000, 0x0000000800000000)
  region size 2048K, 5 young (10240K), 5 survivors (10240K)
 Metaspace       used 71982K, committed 72576K, reserved 1114112K
  class space    used 9823K, committed 10112K, reserved 1048576K
}
Event: 14.892 GC heap before
{Heap before GC invocations=30 (full 0):
 garbage-first heap   total 215040K, used 153739K [0x0000000704000000, 0x0000000800000000)
  region size 2048K, 35 young (71680K), 5 survivors (10240K)
 Metaspace       used 72128K, committed 72640K, reserved 1114112K
  class space    used 9855K, committed 10112K, reserved 1048576K
}
Event: 14.896 GC heap after
{Heap after GC invocations=31 (full 0):
 garbage-first heap   total 215040K, used 105738K [0x0000000704000000, 0x0000000800000000)
  region size 2048K, 5 young (10240K), 5 survivors (10240K)
 Metaspace       used 72128K, committed 72640K, reserved 1114112K
  class space    used 9855K, committed 10112K, reserved 1048576K
}
Event: 15.233 GC heap before
{Heap before GC invocations=31 (full 0):
 garbage-first heap   total 215040K, used 158986K [0x0000000704000000, 0x0000000800000000)
  region size 2048K, 31 young (63488K), 5 survivors (10240K)
 Metaspace       used 73692K, committed 74240K, reserved 1114112K
  class space    used 10045K, committed 10304K, reserved 1048576K
}

